# JRE version: Java(TM) SE Runtime Environment (9.0+11) (build 9.0.1+11)
# Java VM: Java HotSpot(TM) 64-Bit Server VM (9.0.1+11, mixed mode, tiered, compressed oops, g1 gc, windows-amd64)
Heap:
 garbage-first heap   total 262144K, used 58282K [0x00000000e0000000, 0x00000000e0100800, 0x0000000100000000)
  region size 1024K, 36 young (36864K), 5 survivors (5120K)
 Metaspace       used 38844K, capacity 39958K, committed 40016K, reserved 1085440K
  class space    used 4721K, capacity 4991K, committed 4992K, reserved 1048576K
GC Heap History (10 events):
Event: 2.089 GC heap before
{Heap before GC invocations=2 (full 0):
 garbage-first heap   total 262144K, used 36503K [0x00000000e0000000, 0x00000000e0100800, 0x0000000100000000)
  region size 1024K, 26 young (26624K), 2 survivors (2048K)
 Metaspace       used 10864K, capacity 11228K, committed 11520K, reserved 1058816K
  class space    used 1131K, capacity 1226K, committed 1280K, reserved 1048576K
}
Event: 2.095 GC heap after
{Heap after GC invocations=3 (full 0):
 garbage-first heap   total 262144K, used 12846K [0x00000000e0000000, 0x00000000e0100800, 0x0000000100000000)
  region size 1024K, 4 young (4096K), 4 survivors (4096K)
 Metaspace       used 10864K, capacity 11228K, committed 11520K, reserved 1058816K
  class space    used 1131K, capacity 1226K, committed 1280K, reserved 1048576K
}
Event: 6.468 GC heap before
{Heap before GC invocations=3 (full 0):
 garbage-first heap   total 262144K, used 99886K [0x00000000e0000000, 0x00000000e0100800, 0x0000000100000000)
  region size 1024K, 89 young (91136K), 4 survivors (4096K)
 Metaspace       used 20411K, capacity 21134K, committed 21296K, reserved 1069056K
  class space    used 2450K, capacity 2618K, committed 2688K, reserved 1048576K
}
Event: 6.486 GC heap after
{Heap after GC invocations=4 (full 0):
 garbage-first heap   total 262144K, used 22654K [0x00000000e0000000, 0x00000000e0100800, 0x0000000100000000)
  region size 1024K, 14 young (14336K), 14 survivors (14336K)
 Metaspace       used 20411K, capacity 21134K, committed 21296K, reserved 1069056K
  class space    used 2450K, capacity 2618K, committed 2688K, reserved 1048576K
}
Event: 10.134 GC heap before
{Heap before GC invocations=5 (full 0):
 garbage-first heap   total 262144K, used 118910K [0x00000000e0000000, 0x00000000e0100800, 0x0000000100000000)
  region size 1024K, 108 young (110592K), 14 survivors (14336K)
 Metaspace       used 28702K, capacity 29650K, committed 29824K, reserved 1075200K
  class space    used 3695K, capacity 3910K, committed 3968K, reserved 1048576K
}
Event: 10.587 GC heap after
{Heap after GC invocations=6 (full 0):
 garbage-first heap   total 262144K, used 26856K [0x00000000e0000000, 0x00000000e0100800, 0x0000000100000000)
  region size 1024K, 10 young (10240K), 10 survivors (10240K)
 Metaspace       used 28702K, capacity 29650K, committed 29824K, reserved 1075200K
  class space    used 3695K, capacity 3910K, committed 3968K, reserved 1048576K
}
Event: 10.922 GC heap before
{Heap before GC invocations=6 (full 0):
 garbage-first heap   total 262144K, used 35048K [0x00000000e0000000, 0x00000000e0100800, 0x0000000100000000)
  region size 1024K, 18 young (18432K), 10 survivors (10240K)
 Metaspace       used 30432K, capacity 31474K, committed 31616K, reserved 1077248K
  class space    used 3911K, capacity 4134K, committed 4224K, reserved 1048576K
}
Event: 10.929 GC heap after
{Heap after GC invocations=7 (full 0):
 garbage-first heap   total 262144K, used 21959K [0x00000000e0000000, 0x00000000e0100800, 0x0000000100000000)
  region size 1024K, 3 young (3072K), 3 survivors (3072K)
 Metaspace       used 30432K, capacity 31474K, committed 31616K, reserved 1077248K
  class space    used 3911K, capacity 4134K, committed 4224K, reserved 1048576K
}
Event: 12.456 GC heap before
{Heap before GC invocations=7 (full 0):
 garbage-first heap   total 262144K, used 46535K [0x00000000e0000000, 0x00000000e0100800, 0x0000000100000000)
  region size 1024K, 28 young (28672K), 3 survivors (3072K)
 Metaspace       used 34611K, capacity 35672K, committed 35920K, reserved 1081344K
  class space    used 4238K, capacity 4464K, committed 4480K, reserved 1048576K
}
Event: 12.618 GC heap after
{Heap after GC invocations=8 (full 0):
 garbage-first heap   total 262144K, used 24490K [0x00000000e0000000, 0x00000000e0100800, 0x0000000100000000)
  region size 1024K, 5 young (5120K), 5 survivors (5120K)
 Metaspace       used 34611K, capacity 35672K, committed 35920K, reserved 1081344K
  class space    used 4238K, capacity 4464K, committed 4480K, reserved 1048576K
}

