# JRE version: Java(TM) SE Runtime Environment (9.0+11) (build 9.0.1+11)
# Java VM: Java HotSpot(TM) 64-Bit Server VM (9.0.1+11, mixed mode, tiered, compressed oops, g1 gc, windows-amd64)
Heap:
 garbage-first heap   total 262144K, used 58409K [0x00000000e0000000, 0x00000000e0100800, 0x0000000100000000)
  region size 1024K, 50 young (51200K), 14 survivors (14336K)
 Metaspace       used 23704K, capacity 24486K, committed 24704K, reserved 1071104K
  class space    used 2962K, capacity 3148K, committed 3200K, reserved 1048576K
GC Heap History (8 events):
Event: 1.617 GC heap before
{Heap before GC invocations=0 (full 0):
 garbage-first heap   total 262144K, used 20480K [0x00000000e0000000, 0x00000000e0100800, 0x0000000100000000)
  region size 1024K, 14 young (14336K), 0 survivors (0K)
 Metaspace       used 7317K, capacity 7566K, committed 7680K, reserved 1056768K
  class space    used 661K, capacity 727K, committed 768K, reserved 1048576K
}
Event: 1.624 GC heap after
{Heap after GC invocations=1 (full 0):
 garbage-first heap   total 262144K, used 8517K [0x00000000e0000000, 0x00000000e0100800, 0x0000000100000000)
  region size 1024K, 2 young (2048K), 2 survivors (2048K)
 Metaspace       used 7317K, capacity 7566K, committed 7680K, reserved 1056768K
  class space    used 661K, capacity 727K, committed 768K, reserved 1048576K
}
Event: 2.701 GC heap before
{Heap before GC invocations=1 (full 0):
 garbage-first heap   total 262144K, used 18757K [0x00000000e0000000, 0x00000000e0100800, 0x0000000100000000)
  region size 1024K, 12 young (12288K), 2 survivors (2048K)
 Metaspace       used 9980K, capacity 10324K, committed 10368K, reserved 1058816K
  class space    used 1035K, capacity 1122K, committed 1152K, reserved 1048576K
}
Event: 2.707 GC heap after
{Heap after GC invocations=2 (full 0):
 garbage-first heap   total 262144K, used 10433K [0x00000000e0000000, 0x00000000e0100800, 0x0000000100000000)
  region size 1024K, 2 young (2048K), 2 survivors (2048K)
 Metaspace       used 9980K, capacity 10324K, committed 10368K, reserved 1058816K
  class space    used 1035K, capacity 1122K, committed 1152K, reserved 1048576K
}
Event: 3.383 GC heap before
{Heap before GC invocations=2 (full 0):
 garbage-first heap   total 262144K, used 36033K [0x00000000e0000000, 0x00000000e0100800, 0x0000000100000000)
  region size 1024K, 26 young (26624K), 2 survivors (2048K)
 Metaspace       used 10863K, capacity 11228K, committed 11520K, reserved 1058816K
  class space    used 1131K, capacity 1226K, committed 1280K, reserved 1048576K
}
Event: 3.388 GC heap after
{Heap after GC invocations=3 (full 0):
 garbage-first heap   total 262144K, used 12545K [0x00000000e0000000, 0x00000000e0100800, 0x0000000100000000)
  region size 1024K, 4 young (4096K), 4 survivors (4096K)
 Metaspace       used 10863K, capacity 11228K, committed 11520K, reserved 1058816K
  class space    used 1131K, capacity 1226K, committed 1280K, reserved 1048576K
}
Event: 7.392 GC heap before
{Heap before GC invocations=3 (full 0):
 garbage-first heap   total 262144K, used 100609K [0x00000000e0000000, 0x00000000e0100800, 0x0000000100000000)
  region size 1024K, 90 young (92160K), 4 survivors (4096K)
 Metaspace       used 20409K, capacity 21134K, committed 21296K, reserved 1069056K
  class space    used 2448K, capacity 2618K, committed 2688K, reserved 1048576K
}
Event: 7.408 GC heap after
{Heap after GC invocations=4 (full 0):
 garbage-first heap   total 262144K, used 22569K [0x00000000e0000000, 0x00000000e0100800, 0x0000000100000000)
  region size 1024K, 14 young (14336K), 14 survivors (14336K)
 Metaspace       used 20409K, capacity 21134K, committed 21296K, reserved 1069056K
  class space    used 2448K, capacity 2618K, committed 2688K, reserved 1048576K
}

