# JRE version: Java(TM) SE Runtime Environment (9.0+11) (build 9.0.1+11)
# Java VM: Java HotSpot(TM) 64-Bit Server VM (9.0.1+11, mixed mode, tiered, compressed oops, g1 gc, windows-amd64)
Heap:
 garbage-first heap   total 262144K, used 132565K [0x00000000e0000000, 0x00000000e0100800, 0x0000000100000000)
  region size 1024K, 101 young (103424K), 4 survivors (4096K)
 Metaspace       used 54792K, capacity 57556K, committed 57728K, reserved 1099776K
  class space    used 6939K, capacity 7454K, committed 7552K, reserved 1048576K
GC Heap History (10 events):
Event: 16.209 GC heap before
{Heap before GC invocations=3 (full 0):
 garbage-first heap   total 262144K, used 101529K [0x00000000e0000000, 0x00000000e0100800, 0x0000000100000000)
  region size 1024K, 91 young (93184K), 4 survivors (4096K)
 Metaspace       used 20420K, capacity 21138K, committed 21296K, reserved 1069056K
  class space    used 2448K, capacity 2618K, committed 2688K, reserved 1048576K
}
Event: 16.229 GC heap after
{Heap after GC invocations=4 (full 0):
 garbage-first heap   total 262144K, used 22438K [0x00000000e0000000, 0x00000000e0100800, 0x0000000100000000)
  region size 1024K, 14 young (14336K), 14 survivors (14336K)
 Metaspace       used 20420K, capacity 21138K, committed 21296K, reserved 1069056K
  class space    used 2448K, capacity 2618K, committed 2688K, reserved 1048576K
}
Event: 24.758 GC heap before
{Heap before GC invocations=5 (full 0):
 garbage-first heap   total 262144K, used 152486K [0x00000000e0000000, 0x00000000e0100800, 0x0000000100000000)
  region size 1024K, 142 young (145408K), 14 survivors (14336K)
 Metaspace       used 34654K, capacity 35704K, committed 35920K, reserved 1081344K
  class space    used 4243K, capacity 4496K, committed 4608K, reserved 1048576K
}
Event: 24.948 GC heap after
{Heap after GC invocations=6 (full 0):
 garbage-first heap   total 262144K, used 32141K [0x00000000e0000000, 0x00000000e0100800, 0x0000000100000000)
  region size 1024K, 16 young (16384K), 16 survivors (16384K)
 Metaspace       used 34654K, capacity 35704K, committed 35920K, reserved 1081344K
  class space    used 4243K, capacity 4496K, committed 4608K, reserved 1048576K
}
Event: 28.165 GC heap before
{Heap before GC invocations=7 (full 0):
 garbage-first heap   total 262144K, used 88461K [0x00000000e0000000, 0x00000000e0100800, 0x0000000100000000)
  region size 1024K, 68 young (69632K), 16 survivors (16384K)
 Metaspace       used 40245K, capacity 41544K, committed 41600K, reserved 1085440K
  class space    used 4925K, capacity 5228K, committed 5248K, reserved 1048576K
}
Event: 28.206 GC heap after
{Heap after GC invocations=8 (full 0):
 garbage-first heap   total 262144K, used 27481K [0x00000000e0000000, 0x00000000e0100800, 0x0000000100000000)
  region size 1024K, 6 young (6144K), 6 survivors (6144K)
 Metaspace       used 40245K, capacity 41544K, committed 41600K, reserved 1085440K
  class space    used 4925K, capacity 5228K, committed 5248K, reserved 1048576K
}
Event: 34.843 GC heap before
{Heap before GC invocations=8 (full 0):
 garbage-first heap   total 262144K, used 178009K [0x00000000e0000000, 0x00000000e0100800, 0x0000000100000000)
  region size 1024K, 153 young (156672K), 6 survivors (6144K)
 Metaspace       used 48325K, capacity 50424K, committed 50688K, reserved 1093632K
  class space    used 6111K, capacity 6543K, committed 6656K, reserved 1048576K
}
Event: 35.169 GC heap after
{Heap after GC invocations=9 (full 0):
 garbage-first heap   total 262144K, used 36697K [0x00000000e0000000, 0x00000000e0100800, 0x0000000100000000)
  region size 1024K, 15 young (15360K), 15 survivors (15360K)
 Metaspace       used 48325K, capacity 50424K, committed 50688K, reserved 1093632K
  class space    used 6111K, capacity 6543K, committed 6656K, reserved 1048576K
}
Event: 38.691 GC heap before
{Heap before GC invocations=9 (full 0):
 garbage-first heap   total 262144K, used 76633K [0x00000000e0000000, 0x00000000e0100800, 0x0000000100000000)
  region size 1024K, 54 young (55296K), 15 survivors (15360K)
 Metaspace       used 49167K, capacity 51422K, committed 51584K, reserved 1093632K
  class space    used 6242K, capacity 6699K, committed 6784K, reserved 1048576K
}
Event: 38.815 GC heap after
{Heap after GC invocations=10 (full 0):
 garbage-first heap   total 262144K, used 34261K [0x00000000e0000000, 0x00000000e0100800, 0x0000000100000000)
  region size 1024K, 4 young (4096K), 4 survivors (4096K)
 Metaspace       used 49167K, capacity 51422K, committed 51584K, reserved 1093632K
  class space    used 6242K, capacity 6699K, committed 6784K, reserved 1048576K
}

