# JRE version: Java(TM) SE Runtime Environment (9.0+11) (build 9.0.1+11)
# Java VM: Java HotSpot(TM) 64-Bit Server VM (9.0.1+11, mixed mode, tiered, compressed oops, g1 gc, windows-amd64)
Heap:
 garbage-first heap   total 262144K, used 128061K [0x00000000e0000000, 0x00000000e0100800, 0x0000000100000000)
  region size 1024K, 101 young (103424K), 4 survivors (4096K)
 Metaspace       used 49417K, capacity 51664K, committed 51840K, reserved 1093632K
  class space    used 6258K, capacity 6725K, committed 6784K, reserved 1048576K
GC Heap History (10 events):
Event: 25.127 GC heap before
{Heap before GC invocations=3 (full 0):
 garbage-first heap   total 262144K, used 103939K [0x00000000e0000000, 0x00000000e0100800, 0x0000000100000000)
  region size 1024K, 92 young (94208K), 3 survivors (3072K)
 Metaspace       used 20428K, capacity 21138K, committed 21296K, reserved 1069056K
  class space    used 2447K, capacity 2618K, committed 2688K, reserved 1048576K
}
Event: 25.154 GC heap after
{Heap after GC invocations=4 (full 0):
 garbage-first heap   total 262144K, used 22706K [0x00000000e0000000, 0x00000000e0100800, 0x0000000100000000)
  region size 1024K, 14 young (14336K), 14 survivors (14336K)
 Metaspace       used 20428K, capacity 21138K, committed 21296K, reserved 1069056K
  class space    used 2447K, capacity 2618K, committed 2688K, reserved 1048576K
}
Event: 32.193 GC heap before
{Heap before GC invocations=5 (full 0):
 garbage-first heap   total 262144K, used 152754K [0x00000000e0000000, 0x00000000e0100800, 0x0000000100000000)
  region size 1024K, 142 young (145408K), 14 survivors (14336K)
 Metaspace       used 34657K, capacity 35704K, committed 35920K, reserved 1081344K
  class space    used 4243K, capacity 4496K, committed 4608K, reserved 1048576K
}
Event: 32.734 GC heap after
{Heap after GC invocations=6 (full 0):
 garbage-first heap   total 262144K, used 32013K [0x00000000e0000000, 0x00000000e0100800, 0x0000000100000000)
  region size 1024K, 16 young (16384K), 16 survivors (16384K)
 Metaspace       used 34657K, capacity 35704K, committed 35920K, reserved 1081344K
  class space    used 4243K, capacity 4496K, committed 4608K, reserved 1048576K
}
Event: 34.512 GC heap before
{Heap before GC invocations=7 (full 0):
 garbage-first heap   total 262144K, used 40205K [0x00000000e0000000, 0x00000000e0100800, 0x0000000100000000)
  region size 1024K, 24 young (24576K), 16 survivors (16384K)
 Metaspace       used 37047K, capacity 38204K, committed 38400K, reserved 1083392K
  class space    used 4528K, capacity 4805K, committed 4864K, reserved 1048576K
}
Event: 34.535 GC heap after
{Heap after GC invocations=8 (full 0):
 garbage-first heap   total 262144K, used 24360K [0x00000000e0000000, 0x00000000e0100800, 0x0000000100000000)
  region size 1024K, 3 young (3072K), 3 survivors (3072K)
 Metaspace       used 37047K, capacity 38204K, committed 38400K, reserved 1083392K
  class space    used 4528K, capacity 4805K, committed 4864K, reserved 1048576K
}
Event: 41.824 GC heap before
{Heap before GC invocations=8 (full 0):
 garbage-first heap   total 262144K, used 131880K [0x00000000e0000000, 0x00000000e0100800, 0x0000000100000000)
  region size 1024K, 105 young (107520K), 3 survivors (3072K)
 Metaspace       used 43210K, capacity 44716K, committed 44800K, reserved 1089536K
  class space    used 5249K, capacity 5601K, committed 5632K, reserved 1048576K
}
Event: 42.078 GC heap after
{Heap after GC invocations=9 (full 0):
 garbage-first heap   total 262144K, used 30181K [0x00000000e0000000, 0x00000000e0100800, 0x0000000100000000)
  region size 1024K, 9 young (9216K), 9 survivors (9216K)
 Metaspace       used 43210K, capacity 44716K, committed 44800K, reserved 1089536K
  class space    used 5249K, capacity 5601K, committed 5632K, reserved 1048576K
}
Event: 43.328 GC heap before
{Heap before GC invocations=9 (full 0):
 garbage-first heap   total 262144K, used 68069K [0x00000000e0000000, 0x00000000e0100800, 0x0000000100000000)
  region size 1024K, 46 young (47104K), 9 survivors (9216K)
 Metaspace       used 45151K, capacity 46816K, committed 46976K, reserved 1089536K
  class space    used 5592K, capacity 5988K, committed 6016K, reserved 1048576K
}
Event: 43.354 GC heap after
{Heap after GC invocations=10 (full 0):
 garbage-first heap   total 262144K, used 29757K [0x00000000e0000000, 0x00000000e0100800, 0x0000000100000000)
  region size 1024K, 4 young (4096K), 4 survivors (4096K)
 Metaspace       used 45151K, capacity 46816K, committed 46976K, reserved 1089536K
  class space    used 5592K, capacity 5988K, committed 6016K, reserved 1048576K
}

