# JRE version: Java(TM) SE Runtime Environment (9.0+11) (build 9.0.1+11)
# Java VM: Java HotSpot(TM) 64-Bit Server VM (9.0.1+11, mixed mode, tiered, compressed oops, g1 gc, windows-amd64)
Heap:
 garbage-first heap   total 262144K, used 53428K [0x00000000e0000000, 0x00000000e0100800, 0x0000000100000000)
  region size 1024K, 26 young (26624K), 14 survivors (14336K)
 Metaspace       used 53985K, capacity 56670K, committed 56960K, reserved 1099776K
  class space    used 6891K, capacity 7425K, committed 7552K, reserved 1048576K
GC Heap History (10 events):
Event: 42.175 GC heap before
{Heap before GC invocations=3 (full 0):
 garbage-first heap   total 262144K, used 105113K [0x00000000e0000000, 0x00000000e0100800, 0x0000000100000000)
  region size 1024K, 93 young (95232K), 2 survivors (2048K)
 Metaspace       used 20422K, capacity 21138K, committed 21296K, reserved 1069056K
  class space    used 2447K, capacity 2618K, committed 2688K, reserved 1048576K
}
Event: 42.201 GC heap after
{Heap after GC invocations=4 (full 0):
 garbage-first heap   total 262144K, used 22989K [0x00000000e0000000, 0x00000000e0100800, 0x0000000100000000)
  region size 1024K, 14 young (14336K), 14 survivors (14336K)
 Metaspace       used 20422K, capacity 21138K, committed 21296K, reserved 1069056K
  class space    used 2447K, capacity 2618K, committed 2688K, reserved 1048576K
}
Event: 45.925 GC heap before
{Heap before GC invocations=5 (full 0):
 garbage-first heap   total 262144K, used 110029K [0x00000000e0000000, 0x00000000e0100800, 0x0000000100000000)
  region size 1024K, 99 young (101376K), 14 survivors (14336K)
 Metaspace       used 27424K, capacity 28402K, committed 28672K, reserved 1075200K
  class space    used 3551K, capacity 3772K, committed 3840K, reserved 1048576K
}
Event: 45.972 GC heap after
{Heap after GC invocations=6 (full 0):
 garbage-first heap   total 262144K, used 25623K [0x00000000e0000000, 0x00000000e0100800, 0x0000000100000000)
  region size 1024K, 9 young (9216K), 9 survivors (9216K)
 Metaspace       used 27424K, capacity 28402K, committed 28672K, reserved 1075200K
  class space    used 3551K, capacity 3772K, committed 3840K, reserved 1048576K
}
Event: 48.099 GC heap before
{Heap before GC invocations=6 (full 0):
 garbage-first heap   total 262144K, used 66583K [0x00000000e0000000, 0x00000000e0100800, 0x0000000100000000)
  region size 1024K, 50 young (51200K), 9 survivors (9216K)
 Metaspace       used 34632K, capacity 35672K, committed 35920K, reserved 1081344K
  class space    used 4238K, capacity 4464K, committed 4480K, reserved 1048576K
}
Event: 48.154 GC heap after
{Heap after GC invocations=7 (full 0):
 garbage-first heap   total 262144K, used 26854K [0x00000000e0000000, 0x00000000e0100800, 0x0000000100000000)
  region size 1024K, 8 young (8192K), 8 survivors (8192K)
 Metaspace       used 34632K, capacity 35672K, committed 35920K, reserved 1081344K
  class space    used 4238K, capacity 4464K, committed 4480K, reserved 1048576K
}
Event: 54.937 GC heap before
{Heap before GC invocations=8 (full 0):
 garbage-first heap   total 262144K, used 178406K [0x00000000e0000000, 0x00000000e0100800, 0x0000000100000000)
  region size 1024K, 153 young (156672K), 8 survivors (8192K)
 Metaspace       used 44908K, capacity 46526K, committed 46720K, reserved 1089536K
  class space    used 5580K, capacity 5955K, committed 6016K, reserved 1048576K
}
Event: 55.025 GC heap after
{Heap after GC invocations=9 (full 0):
 garbage-first heap   total 262144K, used 34312K [0x00000000e0000000, 0x00000000e0100800, 0x0000000100000000)
  region size 1024K, 15 young (15360K), 15 survivors (15360K)
 Metaspace       used 44908K, capacity 46526K, committed 46720K, reserved 1089536K
  class space    used 5580K, capacity 5955K, committed 6016K, reserved 1048576K
}
Event: 65.116 GC heap before
{Heap before GC invocations=9 (full 0):
 garbage-first heap   total 262144K, used 175624K [0x00000000e0000000, 0x00000000e0100800, 0x0000000100000000)
  region size 1024K, 153 young (156672K), 15 survivors (15360K)
 Metaspace       used 53017K, capacity 55660K, committed 55808K, reserved 1097728K
  class space    used 6815K, capacity 7354K, committed 7424K, reserved 1048576K
}
Event: 65.162 GC heap after
{Heap after GC invocations=10 (full 0):
 garbage-first heap   total 262144K, used 42164K [0x00000000e0000000, 0x00000000e0100800, 0x0000000100000000)
  region size 1024K, 14 young (14336K), 14 survivors (14336K)
 Metaspace       used 53017K, capacity 55660K, committed 55808K, reserved 1097728K
  class space    used 6815K, capacity 7354K, committed 7424K, reserved 1048576K
}

