# JRE version: Java(TM) SE Runtime Environment (9.0+11) (build 9.0.1+11)
# Java VM: Java HotSpot(TM) 64-Bit Server VM (9.0.1+11, mixed mode, tiered, compressed oops, g1 gc, windows-amd64)
Heap:
 garbage-first heap   total 63488K, used 25676K [0x00000000c2800000, 0x00000000c29001f0, 0x0000000100000000)
  region size 1024K, 18 young (18432K), 5 survivors (5120K)
 Metaspace       used 26084K, capacity 27402K, committed 27520K, reserved 1073152K
  class space    used 2949K, capacity 3179K, committed 3200K, reserved 1048576K
GC Heap History (10 events):
Event: 4.990 GC heap before
{Heap before GC invocations=3 (full 0):
 garbage-first heap   total 63488K, used 36851K [0x00000000c2800000, 0x00000000c29001f0, 0x0000000100000000)
  region size 1024K, 30 young (30720K), 3 survivors (3072K)
 Metaspace       used 18122K, capacity 18936K, committed 19072K, reserved 1067008K
  class space    used 1915K, capacity 2088K, committed 2176K, reserved 1048576K
}
Event: 4.997 GC heap after
{Heap after GC invocations=4 (full 0):
 garbage-first heap   total 63488K, used 11381K [0x00000000c2800000, 0x00000000c29001f0, 0x0000000100000000)
  region size 1024K, 4 young (4096K), 4 survivors (4096K)
 Metaspace       used 18122K, capacity 18936K, committed 19072K, reserved 1067008K
  class space    used 1915K, capacity 2088K, committed 2176K, reserved 1048576K
}
Event: 5.323 GC heap before
{Heap before GC invocations=4 (full 0):
 garbage-first heap   total 63488K, used 29813K [0x00000000c2800000, 0x00000000c29001f0, 0x0000000100000000)
  region size 1024K, 23 young (23552K), 4 survivors (4096K)
 Metaspace       used 20325K, capacity 21270K, committed 21296K, reserved 1069056K
  class space    used 2247K, capacity 2430K, committed 2432K, reserved 1048576K
}
Event: 5.329 GC heap after
{Heap after GC invocations=5 (full 0):
 garbage-first heap   total 63488K, used 10874K [0x00000000c2800000, 0x00000000c29001f0, 0x0000000100000000)
  region size 1024K, 3 young (3072K), 3 survivors (3072K)
 Metaspace       used 20325K, capacity 21270K, committed 21296K, reserved 1069056K
  class space    used 2247K, capacity 2430K, committed 2432K, reserved 1048576K
}
Event: 5.980 GC heap before
{Heap before GC invocations=6 (full 0):
 garbage-first heap   total 63488K, used 40570K [0x00000000c2800000, 0x00000000c29001f0, 0x0000000100000000)
  region size 1024K, 32 young (32768K), 3 survivors (3072K)
 Metaspace       used 22288K, capacity 23306K, committed 23552K, reserved 1071104K
  class space    used 2498K, capacity 2702K, committed 2816K, reserved 1048576K
}
Event: 5.986 GC heap after
{Heap after GC invocations=7 (full 0):
 garbage-first heap   total 63488K, used 10870K [0x00000000c2800000, 0x00000000c29001f0, 0x0000000100000000)
  region size 1024K, 2 young (2048K), 2 survivors (2048K)
 Metaspace       used 22288K, capacity 23306K, committed 23552K, reserved 1071104K
  class space    used 2498K, capacity 2702K, committed 2816K, reserved 1048576K
}
Event: 6.365 GC heap before
{Heap before GC invocations=7 (full 0):
 garbage-first heap   total 63488K, used 43638K [0x00000000c2800000, 0x00000000c29001f0, 0x0000000100000000)
  region size 1024K, 34 young (34816K), 2 survivors (2048K)
 Metaspace       used 22974K, capacity 24008K, committed 24064K, reserved 1071104K
  class space    used 2560K, capacity 2776K, committed 2816K, reserved 1048576K
}
Event: 6.370 GC heap after
{Heap after GC invocations=8 (full 0):
 garbage-first heap   total 63488K, used 10864K [0x00000000c2800000, 0x00000000c29001f0, 0x0000000100000000)
  region size 1024K, 2 young (2048K), 2 survivors (2048K)
 Metaspace       used 22974K, capacity 24008K, committed 24064K, reserved 1071104K
  class space    used 2560K, capacity 2776K, committed 2816K, reserved 1048576K
}
Event: 7.194 GC heap before
{Heap before GC invocations=8 (full 0):
 garbage-first heap   total 63488K, used 45680K [0x00000000c2800000, 0x00000000c29001f0, 0x0000000100000000)
  region size 1024K, 36 young (36864K), 2 survivors (2048K)
 Metaspace       used 24922K, capacity 26154K, committed 26368K, reserved 1073152K
  class space    used 2796K, capacity 3021K, committed 3072K, reserved 1048576K
}
Event: 7.202 GC heap after
{Heap after GC invocations=9 (full 0):
 garbage-first heap   total 63488K, used 13388K [0x00000000c2800000, 0x00000000c29001f0, 0x0000000100000000)
  region size 1024K, 5 young (5120K), 5 survivors (5120K)
 Metaspace       used 24922K, capacity 26154K, committed 26368K, reserved 1073152K
  class space    used 2796K, capacity 3021K, committed 3072K, reserved 1048576K
}

