# JRE version: Java(TM) SE Runtime Environment (9.0+11) (build 9.0.1+11)
# Java VM: Java HotSpot(TM) 64-Bit Server VM (9.0.1+11, mixed mode, tiered, compressed oops, g1 gc, windows-amd64)
Heap:
 garbage-first heap   total 63488K, used 39835K [0x00000000c2800000, 0x00000000c29001f0, 0x0000000100000000)
  region size 1024K, 32 young (32768K), 5 survivors (5120K)
 Metaspace       used 27038K, capacity 28518K, committed 28748K, reserved 1075200K
  class space    used 3082K, capacity 3349K, committed 3404K, reserved 1048576K
GC Heap History (10 events):
Event: 3.446 GC heap before
{Heap before GC invocations=3 (full 0):
 garbage-first heap   total 63488K, used 38167K [0x00000000c2800000, 0x00000000c29001f0, 0x0000000100000000)
  region size 1024K, 31 young (31744K), 3 survivors (3072K)
 Metaspace       used 18606K, capacity 19436K, committed 19584K, reserved 1067008K
  class space    used 1996K, capacity 2161K, committed 2176K, reserved 1048576K
}
Event: 3.454 GC heap after
{Heap after GC invocations=4 (full 0):
 garbage-first heap   total 63488K, used 11685K [0x00000000c2800000, 0x00000000c29001f0, 0x0000000100000000)
  region size 1024K, 4 young (4096K), 4 survivors (4096K)
 Metaspace       used 18606K, capacity 19436K, committed 19584K, reserved 1067008K
  class space    used 1996K, capacity 2161K, committed 2176K, reserved 1048576K
}
Event: 3.878 GC heap before
{Heap before GC invocations=4 (full 0):
 garbage-first heap   total 63488K, used 27045K [0x00000000c2800000, 0x00000000c29001f0, 0x0000000100000000)
  region size 1024K, 20 young (20480K), 4 survivors (4096K)
 Metaspace       used 20393K, capacity 21272K, committed 21296K, reserved 1069056K
  class space    used 2247K, capacity 2431K, committed 2432K, reserved 1048576K
}
Event: 3.884 GC heap after
{Heap after GC invocations=5 (full 0):
 garbage-first heap   total 63488K, used 10442K [0x00000000c2800000, 0x00000000c29001f0, 0x0000000100000000)
  region size 1024K, 2 young (2048K), 2 survivors (2048K)
 Metaspace       used 20393K, capacity 21272K, committed 21296K, reserved 1069056K
  class space    used 2247K, capacity 2431K, committed 2432K, reserved 1048576K
}
Event: 4.485 GC heap before
{Heap before GC invocations=6 (full 0):
 garbage-first heap   total 63488K, used 42186K [0x00000000c2800000, 0x00000000c29001f0, 0x0000000100000000)
  region size 1024K, 33 young (33792K), 2 survivors (2048K)
 Metaspace       used 22281K, capacity 23302K, committed 23500K, reserved 1071104K
  class space    used 2491K, capacity 2702K, committed 2764K, reserved 1048576K
}
Event: 4.490 GC heap after
{Heap after GC invocations=7 (full 0):
 garbage-first heap   total 63488K, used 10752K [0x00000000c2800000, 0x00000000c29001f0, 0x0000000100000000)
  region size 1024K, 3 young (3072K), 3 survivors (3072K)
 Metaspace       used 22281K, capacity 23302K, committed 23500K, reserved 1071104K
  class space    used 2491K, capacity 2702K, committed 2764K, reserved 1048576K
}
Event: 5.597 GC heap before
{Heap before GC invocations=7 (full 0):
 garbage-first heap   total 63488K, used 42496K [0x00000000c2800000, 0x00000000c29001f0, 0x0000000100000000)
  region size 1024K, 34 young (34816K), 3 survivors (3072K)
 Metaspace       used 23059K, capacity 24132K, committed 24396K, reserved 1071104K
  class space    used 2561K, capacity 2776K, committed 2892K, reserved 1048576K
}
Event: 5.600 GC heap after
{Heap after GC invocations=8 (full 0):
 garbage-first heap   total 63488K, used 10855K [0x00000000c2800000, 0x00000000c29001f0, 0x0000000100000000)
  region size 1024K, 3 young (3072K), 3 survivors (3072K)
 Metaspace       used 23059K, capacity 24132K, committed 24396K, reserved 1071104K
  class space    used 2561K, capacity 2776K, committed 2892K, reserved 1048576K
}
Event: 6.150 GC heap before
{Heap before GC invocations=8 (full 0):
 garbage-first heap   total 63488K, used 44647K [0x00000000c2800000, 0x00000000c29001f0, 0x0000000100000000)
  region size 1024K, 36 young (36864K), 3 survivors (3072K)
 Metaspace       used 25012K, capacity 26210K, committed 26444K, reserved 1073152K
  class space    used 2798K, capacity 3021K, committed 3148K, reserved 1048576K
}
Event: 6.156 GC heap after
{Heap after GC invocations=9 (full 0):
 garbage-first heap   total 63488K, used 13211K [0x00000000c2800000, 0x00000000c29001f0, 0x0000000100000000)
  region size 1024K, 5 young (5120K), 5 survivors (5120K)
 Metaspace       used 25012K, capacity 26210K, committed 26444K, reserved 1073152K
  class space    used 2798K, capacity 3021K, committed 3148K, reserved 1048576K
}

